<?xml version="1.0" encoding="UTF-8"?>
<testng-results ignored="0" total="1" passed="1" failed="0" skipped="0">
  <reporter-output>
  </reporter-output>
  <suite started-at="2025-01-29T19:17:36 IST" name="Default suite" finished-at="2025-01-29T19:17:52 IST" duration-ms="16391">
    <groups>
    </groups>
    <test started-at="2025-01-29T19:17:36 IST" name="Default test" finished-at="2025-01-29T19:17:52 IST" duration-ms="16391">
      <class name="SeleniumProject.SeleniumProject.EbayAddToCartTest">
        <test-method is-config="true" signature="setUp()[pri:0, instance:SeleniumProject.SeleniumProject.EbayAddToCartTest@c8c12ac]" started-at="2025-01-29T19:17:36 IST" name="setUp" finished-at="2025-01-29T19:17:38 IST" duration-ms="2022" status="PASS">
          <reporter-output>
          </reporter-output>
        </test-method> <!-- setUp -->
        <test-method signature="testAddItemToCart()[pri:0, instance:SeleniumProject.SeleniumProject.EbayAddToCartTest@c8c12ac]" started-at="2025-01-29T19:17:38 IST" name="testAddItemToCart" finished-at="2025-01-29T19:17:52 IST" duration-ms="14104" status="PASS">
          <reporter-output>
          </reporter-output>
        </test-method> <!-- testAddItemToCart -->
        <test-method is-config="true" signature="tearDown()[pri:0, instance:SeleniumProject.SeleniumProject.EbayAddToCartTest@c8c12ac]" started-at="2025-01-29T19:17:52 IST" name="tearDown" finished-at="2025-01-29T19:17:52 IST" duration-ms="219" status="PASS">
          <reporter-output>
          </reporter-output>
        </test-method> <!-- tearDown -->
      </class> <!-- SeleniumProject.SeleniumProject.EbayAddToCartTest -->
    </test> <!-- Default test -->
  </suite> <!-- Default suite -->
</testng-results>
